<?xml version="1.0" encoding="UTF-8"?>
<testng-results skipped="0" failed="0" ignored="0" total="5" passed="5">
  <reporter-output>
  </reporter-output>
  <suite name="Default suite" duration-ms="26678" started-at="2021-12-18T12:54:12Z" finished-at="2021-12-18T12:54:39Z">
    <groups>
    </groups>
    <test name="Default test" duration-ms="26678" started-at="2021-12-18T12:54:12Z" finished-at="2021-12-18T12:54:39Z">
      <class name="GoogleAPITest.GoogleAPITest">
        <test-method status="PASS" signature="startExtendReport()[pri:0, instance:GoogleAPITest.GoogleAPITest@3abbfa04]" name="startExtendReport" is-config="true" duration-ms="400" started-at="2021-12-18T12:54:12Z" finished-at="2021-12-18T12:54:12Z">
          <reporter-output>
          </reporter-output>
        </test-method> <!-- startExtendReport -->
        <test-method status="PASS" signature="BaseURI(java.lang.reflect.Method)[pri:0, instance:GoogleAPITest.GoogleAPITest@3abbfa04]" name="BaseURI" is-config="true" duration-ms="768" started-at="2021-12-18T12:54:12Z" finished-at="2021-12-18T12:54:13Z">
          <params>
            <param index="0">
              <value>
                <![CDATA[public void GoogleAPITest.GoogleAPITest.createPlaceTest() throws java.io.IOException]]>
              </value>
            </param>
          </params>
          <reporter-output>
          </reporter-output>
        </test-method> <!-- BaseURI -->
        <test-method status="PASS" signature="createPlaceTest()[pri:1, instance:GoogleAPITest.GoogleAPITest@3abbfa04]" name="createPlaceTest" duration-ms="8758" started-at="2021-12-18T12:54:13Z" finished-at="2021-12-18T12:54:22Z">
          <reporter-output>
          </reporter-output>
        </test-method> <!-- createPlaceTest -->
        <test-method status="PASS" signature="getResult(org.testng.ITestResult)[pri:0, instance:GoogleAPITest.GoogleAPITest@3abbfa04]" name="getResult" is-config="true" duration-ms="276" started-at="2021-12-18T12:54:22Z" finished-at="2021-12-18T12:54:22Z">
          <params>
            <param index="0">
              <value>
                <![CDATA[[TestResult name=createPlaceTest status=SUCCESS method=GoogleAPITest.createPlaceTest()[pri:1, instance:GoogleAPITest.GoogleAPITest@3abbfa04] output={null}]]]>
              </value>
            </param>
          </params>
          <reporter-output>
          </reporter-output>
        </test-method> <!-- getResult -->
        <test-method status="PASS" signature="BaseURI(java.lang.reflect.Method)[pri:0, instance:GoogleAPITest.GoogleAPITest@3abbfa04]" name="BaseURI" is-config="true" duration-ms="1" started-at="2021-12-18T12:54:22Z" finished-at="2021-12-18T12:54:22Z">
          <params>
            <param index="0">
              <value>
                <![CDATA[public void GoogleAPITest.GoogleAPITest.getPlaceTest() throws java.io.IOException]]>
              </value>
            </param>
          </params>
          <reporter-output>
          </reporter-output>
        </test-method> <!-- BaseURI -->
        <test-method status="PASS" signature="getPlaceTest()[pri:2, instance:GoogleAPITest.GoogleAPITest@3abbfa04]" name="getPlaceTest" duration-ms="3933" started-at="2021-12-18T12:54:22Z" finished-at="2021-12-18T12:54:26Z">
          <reporter-output>
          </reporter-output>
        </test-method> <!-- getPlaceTest -->
        <test-method status="PASS" signature="getResult(org.testng.ITestResult)[pri:0, instance:GoogleAPITest.GoogleAPITest@3abbfa04]" name="getResult" is-config="true" duration-ms="0" started-at="2021-12-18T12:54:26Z" finished-at="2021-12-18T12:54:26Z">
          <params>
            <param index="0">
              <value>
                <![CDATA[[TestResult name=getPlaceTest status=SUCCESS method=GoogleAPITest.getPlaceTest()[pri:2, instance:GoogleAPITest.GoogleAPITest@3abbfa04] output={null}]]]>
              </value>
            </param>
          </params>
          <reporter-output>
          </reporter-output>
        </test-method> <!-- getResult -->
        <test-method status="PASS" signature="updatePlaceTest()[pri:3, instance:GoogleAPITest.GoogleAPITest@3abbfa04]" name="updatePlaceTest" duration-ms="5377" started-at="2021-12-18T12:54:26Z" finished-at="2021-12-18T12:54:31Z">
          <reporter-output>
          </reporter-output>
        </test-method> <!-- updatePlaceTest -->
        <test-method status="PASS" signature="BaseURI(java.lang.reflect.Method)[pri:0, instance:GoogleAPITest.GoogleAPITest@3abbfa04]" name="BaseURI" is-config="true" duration-ms="0" started-at="2021-12-18T12:54:26Z" finished-at="2021-12-18T12:54:26Z">
          <params>
            <param index="0">
              <value>
                <![CDATA[public void GoogleAPITest.GoogleAPITest.updatePlaceTest() throws java.io.IOException]]>
              </value>
            </param>
          </params>
          <reporter-output>
          </reporter-output>
        </test-method> <!-- BaseURI -->
        <test-method status="PASS" signature="BaseURI(java.lang.reflect.Method)[pri:0, instance:GoogleAPITest.GoogleAPITest@3abbfa04]" name="BaseURI" is-config="true" duration-ms="0" started-at="2021-12-18T12:54:31Z" finished-at="2021-12-18T12:54:31Z">
          <params>
            <param index="0">
              <value>
                <![CDATA[public void GoogleAPITest.GoogleAPITest.deletePlaceTest() throws java.io.IOException]]>
              </value>
            </param>
          </params>
          <reporter-output>
          </reporter-output>
        </test-method> <!-- BaseURI -->
        <test-method status="PASS" signature="deletePlaceTest()[pri:4, instance:GoogleAPITest.GoogleAPITest@3abbfa04]" name="deletePlaceTest" duration-ms="3267" started-at="2021-12-18T12:54:31Z" finished-at="2021-12-18T12:54:35Z">
          <reporter-output>
          </reporter-output>
        </test-method> <!-- deletePlaceTest -->
        <test-method status="PASS" signature="getResult(org.testng.ITestResult)[pri:0, instance:GoogleAPITest.GoogleAPITest@3abbfa04]" name="getResult" is-config="true" duration-ms="0" started-at="2021-12-18T12:54:31Z" finished-at="2021-12-18T12:54:31Z">
          <params>
            <param index="0">
              <value>
                <![CDATA[[TestResult name=updatePlaceTest status=SUCCESS method=GoogleAPITest.updatePlaceTest()[pri:3, instance:GoogleAPITest.GoogleAPITest@3abbfa04] output={null}]]]>
              </value>
            </param>
          </params>
          <reporter-output>
          </reporter-output>
        </test-method> <!-- getResult -->
        <test-method status="PASS" signature="getResult(org.testng.ITestResult)[pri:0, instance:GoogleAPITest.GoogleAPITest@3abbfa04]" name="getResult" is-config="true" duration-ms="9" started-at="2021-12-18T12:54:35Z" finished-at="2021-12-18T12:54:35Z">
          <params>
            <param index="0">
              <value>
                <![CDATA[[TestResult name=deletePlaceTest status=SUCCESS method=GoogleAPITest.deletePlaceTest()[pri:4, instance:GoogleAPITest.GoogleAPITest@3abbfa04] output={null}]]]>
              </value>
            </param>
          </params>
          <reporter-output>
          </reporter-output>
        </test-method> <!-- getResult -->
        <test-method status="PASS" signature="BaseURI(java.lang.reflect.Method)[pri:0, instance:GoogleAPITest.GoogleAPITest@3abbfa04]" name="BaseURI" is-config="true" duration-ms="1" started-at="2021-12-18T12:54:35Z" finished-at="2021-12-18T12:54:35Z">
          <params>
            <param index="0">
              <value>
                <![CDATA[public void GoogleAPITest.GoogleAPITest.getPlaceAfterdeletTest() throws java.io.IOException]]>
              </value>
            </param>
          </params>
          <reporter-output>
          </reporter-output>
        </test-method> <!-- BaseURI -->
        <test-method status="PASS" signature="getPlaceAfterdeletTest()[pri:5, instance:GoogleAPITest.GoogleAPITest@3abbfa04]" name="getPlaceAfterdeletTest" duration-ms="2917" started-at="2021-12-18T12:54:35Z" finished-at="2021-12-18T12:54:38Z">
          <reporter-output>
          </reporter-output>
        </test-method> <!-- getPlaceAfterdeletTest -->
        <test-method status="PASS" signature="getResult(org.testng.ITestResult)[pri:0, instance:GoogleAPITest.GoogleAPITest@3abbfa04]" name="getResult" is-config="true" duration-ms="6" started-at="2021-12-18T12:54:38Z" finished-at="2021-12-18T12:54:38Z">
          <params>
            <param index="0">
              <value>
                <![CDATA[[TestResult name=getPlaceAfterdeletTest status=SUCCESS method=GoogleAPITest.getPlaceAfterdeletTest()[pri:5, instance:GoogleAPITest.GoogleAPITest@3abbfa04] output={null}]]]>
              </value>
            </param>
          </params>
          <reporter-output>
          </reporter-output>
        </test-method> <!-- getResult -->
        <test-method status="PASS" signature="flushReport()[pri:0, instance:GoogleAPITest.GoogleAPITest@3abbfa04]" name="flushReport" is-config="true" duration-ms="879" started-at="2021-12-18T12:54:38Z" finished-at="2021-12-18T12:54:39Z">
          <reporter-output>
          </reporter-output>
        </test-method> <!-- flushReport -->
      </class> <!-- GoogleAPITest.GoogleAPITest -->
    </test> <!-- Default test -->
  </suite> <!-- Default suite -->
</testng-results>
