<?xml version="1.0" encoding="UTF-8"?>
<!-- Generated by org.testng.reporters.JUnitXMLReporter -->
<testsuite hostname="DESKTOP-G7PJL0M" ignored="0" name="Test" tests="4" failures="0" timestamp="17 Dec 2021 15:19:52 GMT" time="33.633" errors="0">
  <testcase name="createPlaceTest" time="4.419" classname="GoogleAPITest.PostAddress"/>
  <testcase name="getPlaceTest" time="16.636" classname="GoogleAPITest.PostAddress"/>
  <testcase name="updatePlaceTest" time="6.581" classname="GoogleAPITest.PostAddress"/>
  <testcase name="deletePlaceTest" time="3.965" classname="GoogleAPITest.PostAddress"/>
</testsuite> <!-- Test -->
