<?xml version="1.0" encoding="UTF-8"?>
<!-- Generated by org.testng.reporters.JUnitXMLReporter -->
<testsuite hostname="DESKTOP-G7PJL0M" ignored="0" name="Test" tests="4" failures="0" timestamp="17 Dec 2021 14:41:57 GMT" time="30.937" errors="0">
  <testcase name="createPlaceTest" time="8.154" classname="GoogleAPITest.PostAddress"/>
  <testcase name="getPlaceTest" time="3.555" classname="GoogleAPITest.PostAddress"/>
  <testcase name="updatePlaceTest" time="6.941" classname="GoogleAPITest.PostAddress"/>
  <testcase name="deletePlaceTest" time="5.161" classname="GoogleAPITest.PostAddress"/>
</testsuite> <!-- Test -->
