<?xml version="1.0" encoding="UTF-8"?>
<!-- Generated by org.testng.reporters.JUnitXMLReporter -->
<testsuite hostname="DESKTOP-G7PJL0M" ignored="0" name="Default test" tests="5" failures="0" timestamp="18 Dec 2021 12:54:39 GMT" time="26.678" errors="0">
  <testcase name="createPlaceTest" time="8.758" classname="GoogleAPITest.GoogleAPITest"/>
  <testcase name="getPlaceTest" time="3.933" classname="GoogleAPITest.GoogleAPITest"/>
  <testcase name="updatePlaceTest" time="5.377" classname="GoogleAPITest.GoogleAPITest"/>
  <testcase name="deletePlaceTest" time="3.267" classname="GoogleAPITest.GoogleAPITest"/>
  <testcase name="getPlaceAfterdeletTest" time="2.917" classname="GoogleAPITest.GoogleAPITest"/>
</testsuite> <!-- Default test -->
