<?xml version="1.0" encoding="UTF-8"?>
<!-- Generated by org.testng.reporters.JUnitXMLReporter -->
<testsuite hostname="DESKTOP-G7PJL0M" ignored="0" name="Default test" tests="5" failures="0" timestamp="18 Dec 2021 12:41:22 GMT" time="18.62" errors="0">
  <testcase name="createPlaceTest" time="4.092" classname="GoogleAPITest.GoogleAPITest"/>
  <testcase name="getPlaceTest" time="2.801" classname="GoogleAPITest.GoogleAPITest"/>
  <testcase name="updatePlaceTest" time="4.384" classname="GoogleAPITest.GoogleAPITest"/>
  <testcase name="deletePlaceTest" time="3.045" classname="GoogleAPITest.GoogleAPITest"/>
  <testcase name="getPlaceAfterdeletTest" time="2.798" classname="GoogleAPITest.GoogleAPITest"/>
</testsuite> <!-- Default test -->
